--------------------------------------------------------------------------------
 Project integration - START (2018-12-19 09:51:54) 
--------------------------------------------------------------------------------
FE snapshot name: DCDV
BE snapshot name: PCB_Layout_Temp
Top level block: (2-1-5)
Parameters: FAConstraints,FEWin,
--------------------------------------------------------------------------------
--------------------------------------------------------------------------------
 CES synchronization - START (2018-12-19 09:51:54) 
--------------------------------------------------------------------------------

--------------------------------------------------------------------------------
 TOPOLOGY synchronization - START (2018-12-19 09:51:54) 
--------------------------------------------------------------------------------
--------------------------------------------------------------------------------
 TOPOLOGY synchronization - END (2018-12-19 09:51:54) 
--------------------------------------------------------------------------------
[Skipped][Addition] - [FE->BE] [P: CesComp,R20,(4484-1-51)] [O: CesConstraint,DEF_VALUE,(4484-1-22)]
[Skipped][Addition] - [FE->BE] [P: CesComp,R20,(4484-1-51)] [O: CesConstraint,PACKAGED_COMP,(4484-2-22)]
--------------------------------------------------------------------------------
 CES synchronization - END (2018-12-19 09:51:54) 
--------------------------------------------------------------------------------
--------------------------------------------------------------------------------
 Project integration - END (2018-12-19 09:51:54) 
--------------------------------------------------------------------------------
