--------------------------------------------------------------------------------
 Project integration - START (2018-12-19 09:04:44) 
--------------------------------------------------------------------------------
FE snapshot name: DCDV
BE snapshot name: PCB_Layout_Temp
Top level block: (2-1-5)
Parameters: FAConstraints,FEWin,
--------------------------------------------------------------------------------
--------------------------------------------------------------------------------
 CES synchronization - START (2018-12-19 09:04:44) 
--------------------------------------------------------------------------------

--------------------------------------------------------------------------------
 TOPOLOGY synchronization - START (2018-12-19 09:04:44) 
--------------------------------------------------------------------------------
--------------------------------------------------------------------------------
 TOPOLOGY synchronization - END (2018-12-19 09:04:44) 
--------------------------------------------------------------------------------
[Ok][Modification] - [FE->BE] [P: CesComp,L1,(4087-2-51)] [O: CesConstraint,DEF_VALUE,(4087-12-22)]
[Ok][Modification] - [FE->BE] [P: CesComp,C4,(4087-9-51)] [O: CesConstraint,DEF_VALUE,(4087-16-22)]
[Ok][Modification] - [FE->BE] [P: CesComp,C5,(4193-1-51)] [O: CesConstraint,DEF_VALUE,(4193-7-22)]
[Ok][Modification] - [FE->BE] [P: CesComp,C9,(4193-2-51)] [O: CesConstraint,DEF_VALUE,(4193-8-22)]
[Ok][Modification] - [FE->BE] [P: CesComp,R18,(4287-6-51)] [O: CesConstraint,DEF_VALUE,(4287-8-22)]
[Ok][Modification] - [FE->BE] [P: CesComp,R19,(4287-7-51)] [O: CesConstraint,DEF_VALUE,(4287-9-22)]
--------------------------------------------------------------------------------
 CES synchronization - END (2018-12-19 09:04:44) 
--------------------------------------------------------------------------------
--------------------------------------------------------------------------------
 Project integration - END (2018-12-19 09:04:44) 
--------------------------------------------------------------------------------
