--------------------------------------------------------------------------------
 Project integration - START (2018-12-19 09:31:37) 
--------------------------------------------------------------------------------
FE snapshot name: DCDV
BE snapshot name: PCB_Layout_Temp
Top level block: (2-1-5)
Parameters: FAConstraints,FEWin,
--------------------------------------------------------------------------------
--------------------------------------------------------------------------------
 CES synchronization - START (2018-12-19 09:31:37) 
--------------------------------------------------------------------------------

--------------------------------------------------------------------------------
 TOPOLOGY synchronization - START (2018-12-19 09:31:37) 
--------------------------------------------------------------------------------
--------------------------------------------------------------------------------
 TOPOLOGY synchronization - END (2018-12-19 09:31:37) 
--------------------------------------------------------------------------------
--------------------------------------------------------------------------------
 CES synchronization - END (2018-12-19 09:31:37) 
--------------------------------------------------------------------------------
--------------------------------------------------------------------------------
 Project integration - END (2018-12-19 09:31:37) 
--------------------------------------------------------------------------------
