1546119050742	mozrunner::runner	INFO	Running command: "/usr/bin/firefox" "-marionette" "-foreground" "-no-remote" "-profile" "/tmp/rust_mozprofile.5V5jqteRU7gC"
1546119051101	addons.webextension.screenshots@mozilla.org	WARN	Loading extension 'screenshots@mozilla.org': Reading manifest: Invalid host permission: resource://pdf.js/
1546119051102	addons.webextension.screenshots@mozilla.org	WARN	Loading extension 'screenshots@mozilla.org': Reading manifest: Invalid host permission: about:reader*

(firefox:11200): Gtk-WARNING **: 22:30:51.312: Theme parsing error: <data>:1:34: Expected ')' in color definition

(firefox:11200): Gtk-WARNING **: 22:30:51.312: Theme parsing error: <data>:1:77: Expected ')' in color definition
1546119052129	Marionette	INFO	Listening on port 45773
1546119052152	Marionette	WARN	TLS certificate errors will be ignored for this session
console.error: BroadcastService: 
  receivedBroadcastMessage: handler for
  remote-settings/monitor_changes
  threw error:
  Message: Error: Polling for changes failed: NetworkError when attempting to fetch resource..
  Stack:
    remoteSettingsFunction/remoteSettings.pollChanges@resource://services-settings/remote-settings.js:750:13

1546119133681	Marionette	INFO	Stopped listening on port 45773
1546140747387	mozrunner::runner	INFO	Running command: "/usr/bin/firefox" "-marionette" "-foreground" "-no-remote" "-profile" "/tmp/rust_mozprofile.0mLGykwSbv60"
1546140747857	addons.webextension.screenshots@mozilla.org	WARN	Loading extension 'screenshots@mozilla.org': Reading manifest: Invalid host permission: resource://pdf.js/
1546140747858	addons.webextension.screenshots@mozilla.org	WARN	Loading extension 'screenshots@mozilla.org': Reading manifest: Invalid host permission: about:reader*

(firefox:17680): Gtk-WARNING **: 04:32:28.132: Theme parsing error: <data>:1:34: Expected ')' in color definition

(firefox:17680): Gtk-WARNING **: 04:32:28.132: Theme parsing error: <data>:1:77: Expected ')' in color definition
1546140749029	Marionette	INFO	Listening on port 45009
1546140749098	Marionette	WARN	TLS certificate errors will be ignored for this session
1546140804593	Marionette	INFO	Stopped listening on port 45009
[Parent 17680, Gecko_IOThread] WARNING: pipe error (67): Connexion ré-initialisée par le correspondant: file /build/firefox/src/mozilla-unified/ipc/chromium/src/chrome/common/ipc_channel_posix.cc, line 363
1546141682682	mozrunner::runner	INFO	Running command: "/usr/bin/firefox" "-marionette" "-foreground" "-no-remote" "-profile" "/tmp/rust_mozprofile.0DsoKAQigrHC"
1546141683031	addons.webextension.screenshots@mozilla.org	WARN	Loading extension 'screenshots@mozilla.org': Reading manifest: Invalid host permission: resource://pdf.js/
1546141683031	addons.webextension.screenshots@mozilla.org	WARN	Loading extension 'screenshots@mozilla.org': Reading manifest: Invalid host permission: about:reader*

(firefox:18564): Gtk-WARNING **: 04:48:03.234: Theme parsing error: <data>:1:34: Expected ')' in color definition

(firefox:18564): Gtk-WARNING **: 04:48:03.234: Theme parsing error: <data>:1:77: Expected ')' in color definition
1546141684027	Marionette	INFO	Listening on port 46183
1546141684088	Marionette	WARN	TLS certificate errors will be ignored for this session
1546141731810	Marionette	INFO	Stopped listening on port 46183
[Child 18794, Chrome_ChildThread] WARNING: pipe error (3): Connexion ré-initialisée par le correspondant: file /build/firefox/src/mozilla-unified/ipc/chromium/src/chrome/common/ipc_channel_posix.cc, line 363

###!!! [Child][RunMessage] Error: Channel closing: too late to send/recv, messages will be lost


###!!! [Child][RunMessage] Error: Channel closing: too late to send/recv, messages will be lost

